TN:
SF:controllers\authController.js
FN:5,generateToken
FN:10,registerUser
FN:26,loginUser
FNF:3
FNH:3
FNDA:1,generateToken
FNDA:2,registerUser
FNDA:2,loginUser
DA:1,1
DA:2,1
DA:3,1
DA:6,1
DA:13,2
DA:15,2
DA:16,2
DA:17,1
DA:19,1
DA:20,1
DA:27,2
DA:29,2
DA:30,2
DA:31,1
DA:32,1
DA:34,1
DA:35,1
DA:39,1
LF:18
LH:18
BRF:0
BRH:0
end_of_record
TN:
SF:controllers\tasksController.js
FN:3,(anonymous_0)
FN:14,(anonymous_1)
FN:26,(anonymous_2)
FN:39,(anonymous_3)
FN:56,(anonymous_4)
FNF:5
FNH:5
FNDA:2,(anonymous_0)
FNDA:3,(anonymous_1)
FNDA:3,(anonymous_2)
FNDA:3,(anonymous_3)
FNDA:3,(anonymous_4)
DA:1,1
DA:3,1
DA:4,2
DA:5,2
DA:6,2
DA:7,2
DA:8,1
DA:10,1
DA:14,1
DA:15,3
DA:16,3
DA:17,2
DA:18,1
DA:20,1
DA:22,1
DA:26,1
DA:27,3
DA:28,3
DA:29,1
DA:31,2
DA:32,2
DA:33,1
DA:35,1
DA:39,1
DA:40,3
DA:41,3
DA:42,0
DA:45,3
DA:46,3
DA:47,2
DA:48,1
DA:50,1
DA:52,1
DA:56,1
DA:57,3
DA:58,3
DA:59,2
DA:60,1
DA:62,1
DA:64,1
DA:65,1
DA:70,1
LF:42
LH:41
BRDA:4,0,0,2
BRDA:4,0,1,1
BRDA:5,1,0,2
BRDA:5,1,1,1
BRDA:17,2,0,1
BRDA:17,2,1,1
BRDA:28,3,0,1
BRDA:28,3,1,2
BRDA:28,4,0,3
BRDA:28,4,1,3
BRDA:28,4,2,3
BRDA:41,5,0,0
BRDA:41,5,1,3
BRDA:41,6,0,3
BRDA:41,6,1,3
BRDA:41,6,2,3
BRDA:47,7,0,1
BRDA:47,7,1,1
BRDA:59,8,0,1
BRDA:59,8,1,1
BRF:20
BRH:19
end_of_record
TN:
SF:middlewares\authMiddleware.js
FN:3,authenticateToken
FN:7,(anonymous_1)
FNF:2
FNH:2
FNDA:3,authenticateToken
FNDA:2,(anonymous_1)
DA:1,1
DA:4,3
DA:5,3
DA:7,2
DA:8,2
DA:9,1
DA:10,1
DA:14,1
LF:8
LH:8
BRDA:5,0,0,1
BRDA:5,0,1,2
BRDA:8,1,0,1
BRDA:8,1,1,1
BRF:4
BRH:4
end_of_record
TN:
SF:models\task.js
FN:15,(anonymous_0)
FN:32,(anonymous_1)
FN:36,(anonymous_2)
FN:41,(anonymous_3)
FN:49,(anonymous_4)
FNF:5
FNH:0
FNDA:0,(anonymous_0)
FNDA:0,(anonymous_1)
FNDA:0,(anonymous_2)
FNDA:0,(anonymous_3)
FNDA:0,(anonymous_4)
DA:1,2
DA:3,2
DA:12,2
DA:15,2
DA:16,0
DA:17,0
DA:21,0
DA:22,0
DA:24,0
DA:32,2
DA:33,0
DA:36,2
DA:37,0
DA:38,0
DA:41,2
DA:42,0
DA:49,2
DA:50,0
DA:53,2
LF:19
LH:9
BRDA:15,0,0,0
BRDA:15,1,0,0
BRF:2
BRH:0
end_of_record
TN:
SF:models\user.js
FN:9,(anonymous_0)
FN:17,(anonymous_1)
FNF:2
FNH:0
FNDA:0,(anonymous_0)
FNDA:0,(anonymous_1)
DA:1,1
DA:2,1
DA:4,1
DA:9,1
DA:10,0
DA:12,0
DA:13,0
DA:14,0
DA:17,1
DA:18,0
DA:21,1
DA:23,1
LF:12
LH:7
BRDA:10,0,0,0
BRDA:10,0,1,0
BRF:2
BRH:0
end_of_record
TN:
SF:services\authService.js
FN:3,registerUser
FN:19,loginUser
FNF:2
FNH:0
FNDA:0,registerUser
FNDA:0,loginUser
DA:1,1
DA:5,0
DA:6,0
DA:7,0
DA:9,0
DA:10,0
DA:12,0
DA:14,0
DA:15,0
DA:20,0
DA:22,0
DA:23,0
DA:25,0
DA:26,0
DA:28,0
DA:30,0
DA:34,1
LF:17
LH:2
BRDA:7,0,0,0
BRDA:7,0,1,0
BRDA:23,1,0,0
BRDA:23,1,1,0
BRDA:26,2,0,0
BRDA:26,2,1,0
BRF:6
BRH:0
end_of_record
